<?xml version="1.0" encoding="UTF-8"?>
<!-- Generated by org.testng.reporters.JUnitReportReporter -->
<testsuite hostname="LAPTOP-EBJCUPO7" name="test.TestSearch" tests="1" failures="0" timestamp="2 May 2019 02:41:04 GMT" time="12.622" errors="0">
  <testcase name="TestSearchOption" time="12.622" classname="test.TestSearch"/>
</testsuite> <!-- test.TestSearch -->
