<?xml version="1.0" encoding="UTF-8"?>
<!-- Generated by org.testng.reporters.JUnitReportReporter -->
<testsuite hostname="LAPTOP-EBJCUPO7" name="test.TestSearch" tests="1" failures="0" timestamp="5 May 2019 15:33:50 GMT" time="6.818" errors="0">
  <testcase name="TestSearchOption" time="6.818" classname="test.TestSearch"/>
</testsuite> <!-- test.TestSearch -->
