<?xml version="1.0" encoding="UTF-8"?>
<!-- Generated by org.testng.reporters.JUnitReportReporter -->
<testsuite hostname="LAPTOP-EBJCUPO7" name="base.Config" tests="1" failures="0" timestamp="2 May 2019 01:59:45 GMT" time="17.017" errors="0">
  <testcase name="afterEachTest" time="17.017" classname="base.Config"/>
</testsuite> <!-- base.Config -->
